# JRE version: OpenJDK Runtime Environment (17.0.9) (build 17.0.9+0--11185874)
# Java VM: OpenJDK 64-Bit Server VM (17.0.9+0--11185874, mixed mode, tiered, compressed oops, compressed class ptrs, g1 gc, windows-amd64)
GC Precious Log:
 CPUs: 16 total, 16 available
 Memory: 16288M
 Large Page Support: Disabled
 NUMA Support: Disabled
 Compressed Oops: Enabled (32-bit)
 Heap Region Size: 1M
 Heap Min Capacity: 8M
 Heap Initial Capacity: 256M
 Heap Max Capacity: 2G
 Pre-touch: Disabled
 Parallel Workers: 13
 Concurrent Workers: 3
 Concurrent Refinement Workers: 13
 Periodic GC: Disabled
Heap:
 garbage-first heap   total 378880K, used 250213K [0x0000000080000000, 0x0000000100000000)
  region size 1024K, 32 young (32768K), 6 survivors (6144K)
 Metaspace       used 139928K, committed 141184K, reserved 1179648K
  class space    used 18778K, committed 19392K, reserved 1048576K
GC Heap History (20 events):
Event: 792.781 GC heap before
{Heap before GC invocations=49 (full 0):
 garbage-first heap   total 260096K, used 220058K [0x0000000080000000, 0x0000000100000000)
  region size 1024K, 40 young (40960K), 4 survivors (4096K)
 Metaspace       used 112549K, committed 113536K, reserved 1179648K
  class space    used 15574K, committed 16064K, reserved 1048576K
}
Event: 792.783 GC heap after
{Heap after GC invocations=50 (full 0):
 garbage-first heap   total 260096K, used 185069K [0x0000000080000000, 0x0000000100000000)
  region size 1024K, 4 young (4096K), 4 survivors (4096K)
 Metaspace       used 112549K, committed 113536K, reserved 1179648K
  class space    used 15574K, committed 16064K, reserved 1048576K
}
Event: 792.984 GC heap before
{Heap before GC invocations=50 (full 0):
 garbage-first heap   total 260096K, used 221933K [0x0000000080000000, 0x0000000100000000)
  region size 1024K, 40 young (40960K), 4 survivors (4096K)
 Metaspace       used 112549K, committed 113536K, reserved 1179648K
  class space    used 15574K, committed 16064K, reserved 1048576K
}
Event: 792.985 GC heap after
{Heap after GC invocations=51 (full 0):
 garbage-first heap   total 260096K, used 186979K [0x0000000080000000, 0x0000000100000000)
  region size 1024K, 4 young (4096K), 4 survivors (4096K)
 Metaspace       used 112549K, committed 113536K, reserved 1179648K
  class space    used 15574K, committed 16064K, reserved 1048576K
}
Event: 793.183 GC heap before
{Heap before GC invocations=51 (full 0):
 garbage-first heap   total 260096K, used 223843K [0x0000000080000000, 0x0000000100000000)
  region size 1024K, 40 young (40960K), 4 survivors (4096K)
 Metaspace       used 112549K, committed 113536K, reserved 1179648K
  class space    used 15574K, committed 16064K, reserved 1048576K
}
Event: 793.184 GC heap after
{Heap after GC invocations=52 (full 0):
 garbage-first heap   total 260096K, used 189329K [0x0000000080000000, 0x0000000100000000)
  region size 1024K, 5 young (5120K), 5 survivors (5120K)
 Metaspace       used 112549K, committed 113536K, reserved 1179648K
  class space    used 15574K, committed 16064K, reserved 1048576K
}
Event: 793.368 GC heap before
{Heap before GC invocations=52 (full 0):
 garbage-first heap   total 260096K, used 232337K [0x0000000080000000, 0x0000000100000000)
  region size 1024K, 34 young (34816K), 5 survivors (5120K)
 Metaspace       used 112549K, committed 113536K, reserved 1179648K
  class space    used 15574K, committed 16064K, reserved 1048576K
}
Event: 793.370 GC heap after
{Heap after GC invocations=53 (full 0):
 garbage-first heap   total 260096K, used 205177K [0x0000000080000000, 0x0000000100000000)
  region size 1024K, 4 young (4096K), 4 survivors (4096K)
 Metaspace       used 112549K, committed 113536K, reserved 1179648K
  class space    used 15574K, committed 16064K, reserved 1048576K
}
Event: 793.441 GC heap before
{Heap before GC invocations=53 (full 0):
 garbage-first heap   total 378880K, used 230777K [0x0000000080000000, 0x0000000100000000)
  region size 1024K, 26 young (26624K), 4 survivors (4096K)
 Metaspace       used 112655K, committed 113664K, reserved 1179648K
  class space    used 15585K, committed 16064K, reserved 1048576K
}
Event: 793.446 GC heap after
{Heap after GC invocations=54 (full 0):
 garbage-first heap   total 378880K, used 197540K [0x0000000080000000, 0x0000000100000000)
  region size 1024K, 4 young (4096K), 4 survivors (4096K)
 Metaspace       used 112655K, committed 113664K, reserved 1179648K
  class space    used 15585K, committed 16064K, reserved 1048576K
}
Event: 794.179 GC heap before
{Heap before GC invocations=55 (full 0):
 garbage-first heap   total 378880K, used 317348K [0x0000000080000000, 0x0000000100000000)
  region size 1024K, 115 young (117760K), 4 survivors (4096K)
 Metaspace       used 120791K, committed 121792K, reserved 1179648K
  class space    used 16431K, committed 16896K, reserved 1048576K
}
Event: 794.185 GC heap after
{Heap after GC invocations=56 (full 0):
 garbage-first heap   total 378880K, used 204462K [0x0000000080000000, 0x0000000100000000)
  region size 1024K, 11 young (11264K), 11 survivors (11264K)
 Metaspace       used 120791K, committed 121792K, reserved 1179648K
  class space    used 16431K, committed 16896K, reserved 1048576K
}
Event: 794.253 GC heap before
{Heap before GC invocations=56 (full 0):
 garbage-first heap   total 378880K, used 211630K [0x0000000080000000, 0x0000000100000000)
  region size 1024K, 18 young (18432K), 11 survivors (11264K)
 Metaspace       used 121450K, committed 122496K, reserved 1179648K
  class space    used 16517K, committed 17024K, reserved 1048576K
}
Event: 794.259 GC heap after
{Heap after GC invocations=57 (full 0):
 garbage-first heap   total 378880K, used 203087K [0x0000000080000000, 0x0000000100000000)
  region size 1024K, 3 young (3072K), 3 survivors (3072K)
 Metaspace       used 121450K, committed 122496K, reserved 1179648K
  class space    used 16517K, committed 17024K, reserved 1048576K
}
Event: 896.868 GC heap before
{Heap before GC invocations=57 (full 0):
 garbage-first heap   total 378880K, used 312655K [0x0000000080000000, 0x0000000100000000)
  region size 1024K, 110 young (112640K), 3 survivors (3072K)
 Metaspace       used 125081K, committed 126144K, reserved 1179648K
  class space    used 16941K, committed 17472K, reserved 1048576K
}
Event: 896.873 GC heap after
{Heap after GC invocations=58 (full 0):
 garbage-first heap   total 378880K, used 210623K [0x0000000080000000, 0x0000000100000000)
  region size 1024K, 10 young (10240K), 10 survivors (10240K)
 Metaspace       used 125081K, committed 126144K, reserved 1179648K
  class space    used 16941K, committed 17472K, reserved 1048576K
}
Event: 902.252 GC heap before
{Heap before GC invocations=58 (full 0):
 garbage-first heap   total 378880K, used 315071K [0x0000000080000000, 0x0000000100000000)
  region size 1024K, 111 young (113664K), 10 survivors (10240K)
 Metaspace       used 128632K, committed 129856K, reserved 1179648K
  class space    used 17481K, committed 18112K, reserved 1048576K
}
Event: 902.258 GC heap after
{Heap after GC invocations=59 (full 0):
 garbage-first heap   total 378880K, used 218591K [0x0000000080000000, 0x0000000100000000)
  region size 1024K, 8 young (8192K), 8 survivors (8192K)
 Metaspace       used 128632K, committed 129856K, reserved 1179648K
  class space    used 17481K, committed 18112K, reserved 1048576K
}
Event: 905.497 GC heap before
{Heap before GC invocations=59 (full 0):
 garbage-first heap   total 378880K, used 324063K [0x0000000080000000, 0x0000000100000000)
  region size 1024K, 104 young (106496K), 8 survivors (8192K)
 Metaspace       used 138669K, committed 139904K, reserved 1179648K
  class space    used 18593K, committed 19200K, reserved 1048576K
}
Event: 905.501 GC heap after
{Heap after GC invocations=60 (full 0):
 garbage-first heap   total 378880K, used 225637K [0x0000000080000000, 0x0000000100000000)
  region size 1024K, 6 young (6144K), 6 survivors (6144K)
 Metaspace       used 138669K, committed 139904K, reserved 1179648K
  class space    used 18593K, committed 19200K, reserved 1048576K
}

